<?xml version="1.0" encoding="UTF-8"?>
<testng-results ignored="0" total="1" passed="1" failed="0" skipped="0">
  <reporter-output>
  </reporter-output>
  <suite started-at="2023-03-24T12:11:57 IST" name="Default suite" finished-at="2023-03-24T12:12:22 IST" duration-ms="24997">
    <groups>
    </groups>
    <test started-at="2023-03-24T12:11:57 IST" name="Default test" finished-at="2023-03-24T12:12:22 IST" duration-ms="24997">
      <class name="TestScripts.ToVerifyTitle">
        <test-method is-config="true" signature="bsConfig()[pri:0, instance:TestScripts.ToVerifyTitle@54422e18]" started-at="2023-03-24T12:11:57 IST" name="bsConfig" finished-at="2023-03-24T12:11:57 IST" duration-ms="19" status="PASS">
          <reporter-output>
          </reporter-output>
        </test-method> <!-- bsConfig -->
        <test-method is-config="true" signature="bcConfig()[pri:0, instance:TestScripts.ToVerifyTitle@54422e18]" started-at="2023-03-24T12:11:57 IST" name="bcConfig" finished-at="2023-03-24T12:12:13 IST" duration-ms="15814" status="PASS">
          <reporter-output>
          </reporter-output>
        </test-method> <!-- bcConfig -->
        <test-method is-config="true" signature="bmConfig()[pri:0, instance:TestScripts.ToVerifyTitle@54422e18]" started-at="2023-03-24T12:12:13 IST" name="bmConfig" finished-at="2023-03-24T12:12:14 IST" duration-ms="481" status="PASS">
          <reporter-output>
          </reporter-output>
        </test-method> <!-- bmConfig -->
        <test-method signature="ToVerifyPageTitleTest()[pri:0, instance:TestScripts.ToVerifyTitle@54422e18]" started-at="2023-03-24T12:12:14 IST" name="ToVerifyPageTitleTest" finished-at="2023-03-24T12:12:19 IST" duration-ms="5324" status="PASS">
          <reporter-output>
          </reporter-output>
        </test-method> <!-- ToVerifyPageTitleTest -->
        <test-method is-config="true" signature="amConfig()[pri:0, instance:TestScripts.ToVerifyTitle@54422e18]" started-at="2023-03-24T12:12:19 IST" name="amConfig" finished-at="2023-03-24T12:12:22 IST" duration-ms="3061" status="PASS">
          <reporter-output>
          </reporter-output>
        </test-method> <!-- amConfig -->
        <test-method is-config="true" signature="acConfig()[pri:0, instance:TestScripts.ToVerifyTitle@54422e18]" started-at="2023-03-24T12:12:22 IST" name="acConfig" finished-at="2023-03-24T12:12:22 IST" duration-ms="236" status="PASS">
          <reporter-output>
          </reporter-output>
        </test-method> <!-- acConfig -->
        <test-method is-config="true" signature="asConfig()[pri:0, instance:TestScripts.ToVerifyTitle@54422e18]" started-at="2023-03-24T12:12:22 IST" name="asConfig" finished-at="2023-03-24T12:12:22 IST" duration-ms="0" status="PASS">
          <reporter-output>
          </reporter-output>
        </test-method> <!-- asConfig -->
      </class> <!-- TestScripts.ToVerifyTitle -->
    </test> <!-- Default test -->
  </suite> <!-- Default suite -->
</testng-results>
